<?xml version="1.0" encoding="UTF-8"?>
<!-- Generated by org.testng.reporters.JUnitReportReporter -->
<testsuite hostname="LAPTOP-9BPIEQ2U" failures="0" tests="1" name="test.LoginTest1" time="8.347" errors="0" timestamp="2022-07-19T19:16:35 IST" skipped="0">
  <testcase classname="test.LoginTest1" name="login" time="8.347"/>
  <system-out/>
</testsuite> <!-- test.LoginTest1 -->
